{person, 'kalle', 25}.{person, 'kalle', 25}.{person, 'kalle', 25}.{person, 'kalle', 25}.{person, 'kalle', 25}.{person, 'kalle', 25}.
{person, 'kalle', 25}.
{person, 'kalle', 25}.
{person, 'kalle', 25}.
{person, 'kalle', 25}.
{person, 'kalle', 26}.
{person, 'kalle', 26}.
{person, 'kalle', 27}.
{person, 'kalle', 27}.
{person, 'kalle', 28}.
{person, 'kalle', 28}.
{person, 'kalle', 28}.
abc
<0.380.0>
<0.386.0>
<0.395.0>
<0.402.0>
<0.406.0>
<0.411.0>
<0.380.0>
<0.388.0>
<0.392.0>
<0.396.0>
<0.380.0>
<0.384.0>
<0.388.0>
<0.396.0>
<0.403.0>
<0.413.0>
<0.380.0>
<0.380.0>
<0.380.0>
<0.401.0>
<0.408.0>
<0.416.0>
<0.421.0>
<0.425.0>
<0.430.0>
<0.435.0>
<0.379.0>
<0.384.0>
<0.392.0>
<0.400.0>
<0.404.0>
<0.467.0>
<0.495.0>
<0.380.0>
<0.395.0>
<0.406.0>
<0.428.0>
<0.437.0>
<0.449.0>
<0.455.0>
<0.470.0>
<0.582.0>
<0.380.0>
<0.404.0>
<0.380.0>
<0.380.0>
<0.380.0>
chatroom_sup pid:<0.372.0>
chatroom_sup pid: <0.372.0>
ws_handler pid: <0.382.0>
chatroom_sup pid: <0.374.0>
chatroom_sup pid: <0.374.0>
chatroom_sup pid: <0.374.0>
chatroom_sup pid: <0.374.0>
chatroom_sup pid: <0.374.0>
chatroom_sup pid: <0.374.0>
chatroom_sup pid: <0.374.0>
chatroom_sup pid: <0.374.0>
chatroom_sup pid: <0.374.0>
chatroom_sup pid: <0.374.0>
chatroom_sup pid: <0.374.0>
chatroom_sup pid: <0.374.0>
chatroom_sup pid: <0.374.0>
chatroom_sup pid: <0.374.0>
<0.384.0>
<0.384.0>
<0.389.0>
<0.392.0>
<0.395.0>
<0.398.0>
<0.384.0>
<0.389.0>
<0.392.0>
<0.395.0>
<0.398.0>
<0.384.0>
<0.389.0>
<0.392.0>
<0.395.0>
<0.398.0>
<0.384.0>
<0.389.0>
<0.392.0>
<0.395.0>
<0.398.0>
<0.384.0>
<0.389.0>
<0.392.0>
<0.395.0>
<0.398.0>
<0.428.0>
<0.431.0>
<0.434.0>
<0.437.0>
<0.441.0>
<0.384.0>
<0.389.0>
<0.392.0>
<0.395.0>
<0.398.0>
<0.428.0>
<0.431.0>
<0.434.0>
<0.437.0>
<0.441.0>
<0.384.0>
<0.389.0>
<0.392.0>
<0.395.0>
<0.398.0>
<0.428.0>
<0.431.0>
<0.434.0>
<0.437.0>
<0.441.0>
chatroom_sup pid: <0.374.0>
<0.384.0>
<0.384.0>
<0.384.0>
chatroom_sup pid: <0.374.0>
<0.383.0>
<0.383.0>
<0.383.0>
<0.388.0>
<0.392.0>
<0.383.0>
<0.388.0>
<0.392.0>
<0.383.0>
<0.388.0>
<0.392.0>
<0.383.0>
<0.388.0>
<0.392.0>
<0.383.0>
<0.388.0>
<0.392.0>
<0.383.0>
<0.388.0>
<0.392.0>
<0.383.0>
<0.388.0>
<0.392.0>
<0.383.0>
<0.388.0>
<0.392.0>
<0.383.0>
<0.388.0>
<0.392.0>
<0.383.0>
<0.388.0>
<0.392.0>
<0.383.0>
<0.388.0>
<0.392.0>
<0.383.0>
<0.388.0>
<0.392.0>
chatroom_sup pid: <0.374.0>
chatroom_sup pid: <0.374.0>
chatroom_sup pid: <0.374.0>
chatroom_sup pid: <0.374.0>
<0.384.0>
chatroom_sup pid: <0.374.0>
<0.386.0>
<0.386.0>
chatroom_sup pid: <0.374.0>
chatroom_sup pid: <0.374.0>
chatroom_sup pid: <0.374.0>
<0.385.0>
<0.385.0>
<0.385.0>
chatroom_sup pid: <0.374.0>
chatroom_sup pid: <0.374.0>
chatroom_sup pid: <0.374.0>
chatroom_sup pid: <0.374.0>
room->handle_cast: aa
<0.383.0>
chatroom_sup pid: <0.374.0>
<0.383.0>
<0.383.0>
<0.383.0>
<0.383.0>
<0.383.0>
<0.383.0>
<0.383.0>
chatroom_sup pid: <0.374.0>
<0.383.0>
<0.386.0>
<0.383.0>
<0.386.0>
<0.383.0>
<0.386.0>
chatroom_sup pid: <0.374.0>
<0.383.0>
<0.383.0>
<0.383.0>
chatroom_sup pid: <0.374.0>
<0.387.0>
<0.387.0>
<0.387.0>
chatroom_sup pid: <0.374.0>
room->handle_cast: aaa
<0.384.0>
chatroom_sup pid: <0.374.0>
room->handle_cast: aa
<0.384.0>
chatroom_sup pid: <0.374.0>
room->handle_cast: aa
room->send:<0.384.0>
room->send:<0.387.0>
room->handle_cast: bb
room->send:<0.384.0>
room->send:<0.387.0>
room->init: 
chatroom_sup pid: <0.374.0>
room->handle_cast: aa
room->send: <0.385.0>
room->send: <0.389.0>
room->handle_cast: bb
room->send: <0.385.0>
room->send: <0.389.0>
room->init: room1 
chatroom_sup pid: <0.374.0>
room->handle_cast: aa
room->send: <0.385.0>
room->handle_cast: aa
room->send: <0.385.0>
room->send: <0.519.0>
room->handle_cast: aa
room->send: <0.385.0>
room->send: <0.519.0>
room->send: <0.530.0>
room->handle_cast: aaaa
room->send: <0.385.0>
room->send: <0.519.0>
room->send: <0.530.0>
room->handle_cast: ss
room->send: <0.385.0>
room->send: <0.519.0>
room->send: <0.530.0>
room->send: <0.546.0>
room->send: <0.549.0>
room->handle_cast: ssaaa
room->send: <0.385.0>
room->send: <0.519.0>
room->send: <0.530.0>
room->send: <0.546.0>
room->send: <0.549.0>
room->init: room1 
chatroom_sup->start_link pid: <0.374.0>
room->handle_cast: aa
room->send: <0.385.0>
room->init: room1 
room->init: room1 
chatroom_sup->start_link pid: <0.374.0>
room->init: room1 
chatroom_sup->start_link pid: <0.374.0>
room->handle_cast: aa
room->send: <0.385.0>
room->handle_cast: aa
room->send: <0.385.0>
room->send: <0.391.0>
room->handle_cast: aa
room->send: <0.385.0>
room->send: <0.391.0>
room->send: <0.400.0>
room->handle_cast: aa
room->send: <0.385.0>
room->send: <0.391.0>
room->send: <0.400.0>
room->send: <0.409.0>
room->handle_cast: aa
room->send: <0.385.0>
room->send: <0.391.0>
room->send: <0.400.0>
room->send: <0.409.0>
room->handle_cast: aa
room->send: <0.385.0>
room->send: <0.391.0>
room->send: <0.400.0>
room->send: <0.409.0>
room->handle_cast: aa
room->send: <0.385.0>
room->send: <0.391.0>
room->send: <0.400.0>
room->send: <0.409.0>
room->handle_cast: aa
room->send: <0.385.0>
room->send: <0.391.0>
room->send: <0.400.0>
room->send: <0.409.0>
room->handle_cast: aa
room->send: <0.385.0>
room->send: <0.391.0>
room->send: <0.400.0>
room->send: <0.409.0>
room->handle_cast: aa
room->send: <0.385.0>
room->send: <0.391.0>
room->send: <0.400.0>
room->send: <0.409.0>
room->handle_cast: aa
room->send: <0.385.0>
room->send: <0.391.0>
room->send: <0.400.0>
room->send: <0.409.0>
room->handle_cast: aa
room->send: <0.385.0>
room->send: <0.391.0>
room->send: <0.400.0>
room->send: <0.409.0>
room->handle_cast: aa
room->send: <0.385.0>
room->send: <0.391.0>
room->send: <0.400.0>
room->send: <0.409.0>
room->handle_cast: aa
room->send: <0.385.0>
room->send: <0.391.0>
room->send: <0.400.0>
room->send: <0.409.0>
room->handle_cast: aa
room->send: <0.385.0>
room->send: <0.391.0>
room->send: <0.400.0>
room->send: <0.409.0>
room->handle_cast: aa
room->send: <0.385.0>
room->send: <0.391.0>
room->send: <0.400.0>
room->send: <0.409.0>
room->handle_cast: aa
room->send: <0.385.0>
room->send: <0.391.0>
room->send: <0.400.0>
room->send: <0.409.0>
room->handle_cast: aa
room->send: <0.385.0>
room->send: <0.391.0>
room->send: <0.400.0>
room->send: <0.409.0>
room->handle_cast: aa
room->send: <0.385.0>
room->send: <0.391.0>
room->send: <0.400.0>
room->send: <0.409.0>
room->handle_cast: aa
room->send: <0.385.0>
room->send: <0.391.0>
room->send: <0.400.0>
room->send: <0.409.0>
room->handle_cast: aa
room->send: <0.385.0>
room->send: <0.391.0>
room->send: <0.400.0>
room->send: <0.409.0>
room->handle_cast: aa
room->send: <0.385.0>
room->send: <0.391.0>
room->send: <0.400.0>
room->send: <0.409.0>
room->handle_cast: aa
room->send: <0.385.0>
room->send: <0.391.0>
room->send: <0.400.0>
room->send: <0.409.0>
room->handle_cast: aa
room->send: <0.385.0>
room->send: <0.391.0>
room->send: <0.400.0>
room->send: <0.409.0>
room->handle_cast: aa
room->send: <0.385.0>
room->send: <0.391.0>
room->send: <0.400.0>
room->send: <0.409.0>
room->init: room1 
chatroom_sup->start_link pid: <0.374.0>
room->init: room1 
chatroom_sup->start_link pid: <0.374.0>
room->init: room1 
chatroom_sup->start_link pid: <0.374.0>
room->init: room1 
chatroom_sup->start_link pid: <0.374.0>
room->handle_cast: aa
room->send: <0.385.0>
room->handle_cast: bb
room->send: <0.385.0>
room->handle_cast: aa
room->send: <0.385.0>
room->send: <0.394.0>
room->handle_cast: bb
room->send: <0.385.0>
room->send: <0.394.0>
room->handle_cast: ccc
room->send: <0.385.0>
room->send: <0.394.0>
room->handle_cast: aaa
room->send: <0.385.0>
room->send: <0.394.0>
chatroom_sup->start_link pid: <0.374.0>
room->send: <0.384.0>
room->send: <0.384.0>
room->send: <0.384.0>
room->send: <0.384.0>
room->send: <0.384.0>
room->send: <0.384.0>
room->send: <0.384.0>
room->send: <0.397.0>
room->send: <0.401.0>
room->send: <0.384.0>
room->send: <0.397.0>
room->send: <0.401.0>
room->send: <0.384.0>
room->send: <0.397.0>
room->send: <0.401.0>
room->send: <0.384.0>
room->send: <0.397.0>
room->send: <0.401.0>
room->send: <0.384.0>
room->send: <0.397.0>
room->send: <0.401.0>
room->send: <0.384.0>
room->send: <0.397.0>
room->send: <0.401.0>
room->send: <0.384.0>
room->send: <0.397.0>
room->send: <0.401.0>
room->send: <0.384.0>
room->send: <0.397.0>
room->send: <0.401.0>
room->send: <0.424.0>
room->send: <0.384.0>
room->send: <0.397.0>
room->send: <0.401.0>
room->send: <0.424.0>
room->send: <0.384.0>
room->send: <0.397.0>
room->send: <0.401.0>
room->send: <0.424.0>
room->send: <0.384.0>
room->send: <0.397.0>
room->send: <0.401.0>
room->send: <0.424.0>
room->send: <0.384.0>
room->send: <0.397.0>
room->send: <0.401.0>
room->send: <0.424.0>
room->send: <0.384.0>
room->send: <0.397.0>
room->send: <0.401.0>
room->send: <0.424.0>
room->send: <0.384.0>
room->send: <0.397.0>
room->send: <0.401.0>
room->send: <0.424.0>
room->send: <0.384.0>
room->send: <0.397.0>
room->send: <0.401.0>
room->send: <0.424.0>
room->send: <0.384.0>
room->send: <0.397.0>
room->send: <0.401.0>
room->send: <0.424.0>
room->send: <0.384.0>
room->send: <0.397.0>
room->send: <0.401.0>
room->send: <0.424.0>
room->send: <0.384.0>
room->send: <0.397.0>
room->send: <0.401.0>
room->send: <0.424.0>
room->send: <0.384.0>
room->send: <0.397.0>
room->send: <0.401.0>
room->send: <0.424.0>
chatroom_sup->start_link pid: <0.374.0>
room->send: <0.384.0>
room->send: <0.384.0>
chatroom_sup->start_link pid: <0.374.0>
chatroom_sup->start_link pid: <0.374.0>
chatroom_sup->start_link pid: <0.374.0>
chatroom_sup->start_link pid: <0.374.0>
chatroom_sup->start_link pid: <0.374.0>
chatroom_sup->start_link pid: <0.374.0>
chatroom_sup->start_link pid: <0.374.0>
chatroom_sup->start_link pid: <0.374.0>
chatroom_sup->start_link pid: <0.374.0>
chatroom_sup->start_link pid: <0.374.0>
chatroom_sup->start_link pid: <0.374.0>
chatroom_sup->start_link pid: <0.374.0>
chatroom_sup->start_link pid: <0.374.0>
chatroom_sup->start_link pid: <0.374.0>
chatroom_sup->start_link pid: <0.374.0>
chatroom_sup->start_link pid: <0.374.0>
